[2021-04-05 22:16:42,059] {FATAL | Initialization} : initialization was unsuccessful.
[2021-04-05 22:16:42,081] {ERROR | Main} : data could not be saved on exit.
[2021-04-05 22:17:44,738] {INFO | FsjPageManager} : user 7ffffffffffffffe signed up successfully.
[2021-04-05 22:18:14,802] {INFO | PersonalPage} : user 9223372036854775806 changed firstName.
[2021-04-05 22:18:40,908] {INFO | PersonalPage} : user 9223372036854775806 changed bio.
[2021-04-05 22:19:27,066] {INFO | PersonalPage} : user 9223372036854775806 tweeted 1
[2021-04-05 22:19:51,148] {INFO | PersonalPage} : user 9223372036854775806 tweeted 2
[2021-04-05 22:20:05,227] {INFO | Tweet} : tweet 1 from user 9223372036854775806 loaded.
[2021-04-05 22:20:05,227] {ERROR | Tweet} : user 9223372036854775806 userName could not found.
[2021-04-05 22:20:05,227] {INFO | Tweet} : tweet 2 from user 9223372036854775806 loaded.
[2021-04-05 22:20:05,227] {ERROR | Tweet} : user 9223372036854775806 userName could not found.
[2021-04-05 22:27:21,473] {INFO | User} : user 9223372036854775806 loaded.
[2021-04-05 22:27:26,417] {INFO | FsjPageManager} : user 9223372036854775806 logged in successfully.
[2021-04-05 22:27:49,501] {INFO | Tweet} : tweet 1 from user 9223372036854775806 loaded.
[2021-04-05 22:27:49,501] {INFO | User} : user 9223372036854775806 loaded.
[2021-04-05 22:27:49,501] {INFO | Tweet} : tweet 2 from user 9223372036854775806 loaded.
[2021-04-05 22:27:49,517] {INFO | User} : user 9223372036854775806 loaded.
[2021-04-05 22:56:47,650] {INFO | FsjPageManager} : user 7ffffffffffffffd signed up successfully.
[2021-04-05 22:58:29,230] {INFO | User} : user 9223372036854775805 loaded.
[2021-04-05 22:58:32,171] {INFO | FsjPageManager} : user 9223372036854775805 logged in successfully.
[2021-04-05 23:02:14,320] {INFO | User} : user 9223372036854775805 loaded.
[2021-04-05 23:02:18,270] {INFO | FsjPageManager} : user 9223372036854775805 logged in successfully.
[2021-04-05 23:02:36,331] {INFO | User} : user 9223372036854775806 loaded.
[2021-04-05 23:02:36,331] {INFO | Tweet} : tweet 1 from user 9223372036854775806 loaded.
[2021-04-05 23:02:36,347] {INFO | User} : user 9223372036854775806 loaded.
[2021-04-05 23:04:39,899] {INFO | User} : user 9223372036854775805 loaded.
[2021-04-05 23:04:42,871] {INFO | FsjPageManager} : user 9223372036854775805 logged in successfully.
[2021-04-05 23:04:51,901] {INFO | User} : user 9223372036854775806 loaded.
[2021-04-05 23:04:51,901] {INFO | Tweet} : tweet 1 from user 9223372036854775806 loaded.
[2021-04-05 23:04:51,901] {INFO | User} : user 9223372036854775806 loaded.
[2021-04-05 23:04:58,926] {INFO | User} : user 9223372036854775806 loaded.
[2021-04-05 23:04:58,926] {INFO | Tweet} : tweet 1 from user 9223372036854775806 loaded.
[2021-04-05 23:04:58,926] {INFO | User} : user 9223372036854775806 loaded.
[2021-04-05 23:05:50,738] {INFO | User} : user 9223372036854775805 loaded.
[2021-04-05 23:05:53,681] {INFO | FsjPageManager} : user 9223372036854775805 logged in successfully.
[2021-04-05 23:06:02,711] {INFO | User} : user 9223372036854775806 loaded.
[2021-04-05 23:06:02,711] {INFO | Tweet} : tweet 1 from user 9223372036854775806 loaded.
[2021-04-05 23:06:02,726] {INFO | User} : user 9223372036854775806 loaded.
[2021-04-05 23:06:25,854] {INFO | ExplorerPage} : user 9223372036854775805 retweeted 1
[2021-04-05 23:08:11,142] {INFO | Tweet} : tweet 1 from user 9223372036854775805 loaded.
[2021-04-05 23:08:21,176] {INFO | Comment} : user 9223372036854775805 commented 1 on 1
[2021-04-05 23:11:38,855] {INFO | User} : user 9223372036854775805 loaded.
[2021-04-05 23:11:41,865] {INFO | FsjPageManager} : user 9223372036854775805 logged in successfully.
[2021-04-05 23:21:17,119] {INFO | User} : user 9223372036854775805 loaded.
[2021-04-05 23:21:22,066] {INFO | FsjPageManager} : user 9223372036854775805 logged in successfully.
[2021-04-05 23:22:10,250] {INFO | User} : user 9223372036854775805 loaded.
[2021-04-05 23:22:18,277] {INFO | FsjPageManager} : user 9223372036854775805 logged in successfully.
[2021-04-07 00:06:27,186] {INFO | User} : user 9223372036854775805 loaded.
[2021-04-07 00:06:30,125] {INFO | FsjPageManager} : user 9223372036854775805 logged in successfully.
